<?xml version="1.0" encoding="UTF-8"?>
<testng-results ignored="0" total="1" passed="1" failed="0" skipped="0">
  <reporter-output>
  </reporter-output>
  <suite started-at="2021-12-28T16:33:01 IST" name="Default suite" finished-at="2021-12-28T16:33:26 IST" duration-ms="24716">
    <groups>
    </groups>
    <test started-at="2021-12-28T16:33:01 IST" name="Default test" finished-at="2021-12-28T16:33:26 IST" duration-ms="24716">
      <class name="TestCases.MainExecute">
        <test-method signature="TestCase()[pri:0, instance:TestCases.MainExecute@7a419da4]" started-at="2021-12-28T16:33:01 IST" name="TestCase" finished-at="2021-12-28T16:33:26 IST" duration-ms="24660" status="PASS">
          <reporter-output>
          </reporter-output>
        </test-method> <!-- TestCase -->
      </class> <!-- TestCases.MainExecute -->
    </test> <!-- Default test -->
  </suite> <!-- Default suite -->
</testng-results>
